Junk Items Removed - 2026-02-16 16:43:39
============================================================

Name: Wooden Shield
  Level: 9
  Price: 130 gp
  Rarity: common
  Category: equipment

Name: Caster's Targe
  Level: 2
  Price: 35 gp
  Rarity: uncommon
  Category: equipment

Name: Hide Shield
  Level: 6
  Price: 220 gp
  Rarity: uncommon
  Category: equipment

Name: Steel Shield
  Level: 9
  Price: 0 gp
  Rarity: rare
  Category: Base Shields

Name: Heavy Rondache
  Level: 11
  Price: 1,200 gp
  Rarity: rare
  Category: equipment

Name: Meteor Shield
  Level: 7
  Price: 0 gp
  Rarity: uncommon
  Category: 

Name: Gauntlet Buckler
  Level: 5
  Price: 150 gp
  Rarity: uncommon
  Category: equipment

Name: Harnessed Shield
  Level: 9
  Price: 600 gp
  Rarity: uncommon
  Category: equipment

Name: Razor Disc
  Level: 17
  Price: 15,000 gp
  Rarity: uncommon
  Category: equipment

Name: Salvo Shield
  Level: 9
  Price: 600 gp
  Rarity: uncommon
  Category: equipment

Name: Swordstealer Shield
  Level: 9
  Price: 600 gp
  Rarity: uncommon
  Category: equipment

Name: Dart Shield
  Level: 9
  Price: 600 gp
  Rarity: uncommon
  Category: equipment

Name: Sky King's Tomb
  Level: 18
  Price: 4,000 gp
  Rarity: common
  Category: equipment

Name: Fortress Shield
  Level: 16
  Price: 9,300 gp
  Rarity: uncommon
  Category: equipment

Name: Season of Ghosts
  Level: 6
  Price: 0 gp
  Rarity: uncommon
  Category: 

Name: Steam Cart
  Level: 8
  Price: 425 gp
  Rarity: rare
  Category: equipment

Name: Two-Person Submersible
  Level: 9
  Price: 0 gp
  Rarity: common
  Category: 

Name: Blood Lords
  Level: 16
  Price: 24,000 gp
  Rarity: unique
  Category: equipment

Name: Sand Diver
  Level: 7
  Price: 52 gp
  Rarity: rare
  Category: equipment

Name: Clockwork Wagon
  Level: 10
  Price: 1,000 gp
  Rarity: unique
  Category: equipment

Name: Blood Lords
  Level: 16
  Price: 24,000 gp
  Rarity: unique
  Category: equipment

Name: Sky King's Tomb
  Level: 18
  Price: 4,000 gp
  Rarity: common
  Category: equipment

Name: Floating Camouflage Blind
  Level: 0
  Price: 0 gp
  Rarity: common
  Category: 

Name: Steam Trolley
  Level: 8
  Price: 425 gp
  Rarity: rare
  Category: equipment

Name: Air Cycle
  Level: 7
  Price: 320 gp
  Rarity: common
  Category: equipment

Name: Siege Tower
  Level: 13
  Price: 2,500 gp
  Rarity: uncommon
  Category: equipment

Name: Armored Carriage
  Level: 0
  Price: 0 gp
  Rarity: common
  Category: 

Name: Sky King's Tomb
  Level: 18
  Price: 4,000 gp
  Rarity: common
  Category: equipment

Name: Sky King's Tomb
  Level: 18
  Price: 4,000 gp
  Rarity: common
  Category: equipment

Name: Triumph of the Tusk
  Level: 3
  Price: 55 gp
  Rarity: uncommon
  Category: equipment

Name: Backpack Balloon
  Level: 0
  Price: 1 sp
  Rarity: common
  Category: equipment

Name: Clockwork Hopper
  Level: 10
  Price: 1,000 gp
  Rarity: unique
  Category: equipment

Name: Combat Kite
  Level: 0
  Price: 4 cp
  Rarity: common
  Category: equipment

Name: Ice Boat
  Level: 8
  Price: 0 gp
  Rarity: uncommon
  Category: 

Name: Sand Barge
  Level: 7
  Price: 52 gp
  Rarity: rare
  Category: equipment

Name: Strength of Thousands
  Level: 17
  Price: 15,000 gp
  Rarity: common
  Category: equipment

Name: War Wagon
  Level: 0
  Price: 50 gp
  Rarity: uncommon
  Category: equipment

Name: Clockwork Borer
  Level: 10
  Price: 1,000 gp
  Rarity: unique
  Category: equipment

Name: Clockwork Bumblebee
  Level: 10
  Price: 1,000 gp
  Rarity: unique
  Category: equipment

Name: Season of Ghosts
  Level: 6
  Price: 0 gp
  Rarity: uncommon
  Category: 

Name: Apparatus of the Octopus
  Level: 18
  Price: 19,000 gp
  Rarity: common
  Category: equipment

Name: Shark Diver
  Level: 5
  Price: 23 gp
  Rarity: common
  Category: equipment

Name: Triumph of the Tusk
  Level: 3
  Price: 55 gp
  Rarity: uncommon
  Category: equipment

Name: Combat Catamaran
  Level: 5
  Price: 160 gp
  Rarity: uncommon
  Category: equipment

Name: Triumph of the Tusk
  Level: 3
  Price: 55 gp
  Rarity: uncommon
  Category: equipment

Name: Sky Chariot, Armored
  Level: 11
  Price: 1,200 gp
  Rarity: rare
  Category: equipment

Name: Spore War
  Level: 11
  Price: 1,250 gp
  Rarity: uncommon
  Category: equipment

Name: Agents of Edgewatch
  Level: 1
  Price: 0 gp
  Rarity: common
  Category: 

Name: Planar Skiff
  Level: 8
  Price: 90 gp
  Rarity: common
  Category: equipment

Name: Combat Transport
  Level: 5
  Price: 160 gp
  Rarity: uncommon
  Category: equipment

Name: Battery Tower
  Level: 13
  Price: 2,500 gp
  Rarity: uncommon
  Category: equipment

Name: Battle Dirigible
  Level: 3
  Price: 60 gp
  Rarity: common
  Category: equipment

Name: Clockwork Castle
  Level: 10
  Price: 1,000 gp
  Rarity: unique
  Category: equipment

Name: Mobile Command Post
  Level: 8
  Price: 500 gp
  Rarity: common
  Category: equipment

Name: Steam Turtle
  Level: 0
  Price: 3 sp
  Rarity: common
  Category: equipment

Name: Agents of Edgewatch
  Level: 1
  Price: 0 gp
  Rarity: common
  Category: 

Name: Armored Sleigh
  Level: 0
  Price: 2 gp
  Rarity: common
  Category: equipment

Name: Vonthos's Golden Bridge
  Level: 19
  Price: 40,000 gp
  Rarity: rare
  Category: equipment

Name: Flying Submersible
  Level: 9
  Price: 0 gp
  Rarity: common
  Category: 

Name: Agents of Edgewatch
  Level: 1
  Price: 0 gp
  Rarity: common
  Category: 

Name: Blood Lords
  Level: 16
  Price: 24,000 gp
  Rarity: unique
  Category: equipment

Name: War strider
  Level: 0
  Price: 50 gp
  Rarity: uncommon
  Category: equipment

Name: Siege Barge
  Level: 3
  Price: 60 gp
  Rarity: uncommon
  Category: equipment

Name: Siege Dragon
  Level: 3
  Price: 60 gp
  Rarity: uncommon
  Category: equipment

Name: Fists of the Ruby Phoenix
  Level: 13
  Price: 0 gp
  Rarity: unique
  Category: 

Name: Flying Fortress
  Level: 16
  Price: 9,300 gp
  Rarity: uncommon
  Category: equipment

Name: Cook's Caravan
  Level: 0
  Price: 3 cp (per 5 miles)
  Rarity: common
  Category: equipment

Name: Ice Breaker
  Level: 11
  Price: 1,300 gp
  Rarity: rare
  Category: equipment

Name: Spore War
  Level: 11
  Price: 1,250 gp
  Rarity: uncommon
  Category: equipment

Name: Spore War
  Level: 11
  Price: 1,250 gp
  Rarity: uncommon
  Category: equipment

Name: Age of Ashes
  Level: 9
  Price: 700 gp
  Rarity: common
  Category: equipment

Name: Fists of the Ruby Phoenix
  Level: 13
  Price: 0 gp
  Rarity: unique
  Category: 

Name: Fists of the Ruby Phoenix
  Level: 13
  Price: 0 gp
  Rarity: unique
  Category: 

Name: Spore War
  Level: 11
  Price: 1,250 gp
  Rarity: uncommon
  Category: equipment

Name: Spore War
  Level: 11
  Price: 1,250 gp
  Rarity: uncommon
  Category: equipment

Name: Agents of Edgewatch
  Level: 1
  Price: 0 gp
  Rarity: common
  Category: 

Name: Age of Ashes
  Level: 9
  Price: 700 gp
  Rarity: common
  Category: equipment

Name: Agents of Edgewatch
  Level: 1
  Price: 0 gp
  Rarity: common
  Category: 

Name: Spell Slot Restoration Potion (Minor)
  Level: 1
  Price: 4 gp
  Rarity: common
  Category: equipment

Name: Spell Slot Restoration Potion (Lesser)
  Level: 3
  Price: 12 gp
  Rarity: common
  Category: equipment

Name: Spell Slot Restoration Potion (Moderate)
  Level: 6
  Price: 50 gp
  Rarity: common
  Category: equipment

Name: Spell Slot Restoration Potion (Greater)
  Level: 12
  Price: 400 gp
  Rarity: common
  Category: equipment

Name: Spell Slot Restoration Potion (Major)
  Level: 18
  Price: 5,000 gp
  Rarity: common
  Category: equipment

